TN:
SF:check.ts
FN:18,checkPermission
FN:31,convertPath
FN:42,pickOutFileNameFromPath
FNF:3
FNH:2
FNDA:4,checkPermission
FNDA:5,convertPath
FNDA:0,pickOutFileNameFromPath
DA:1,1
DA:2,1
DA:3,1
DA:4,1
DA:5,1
DA:6,1
DA:7,1
DA:8,1
DA:9,1
DA:10,1
DA:11,1
DA:12,1
DA:13,1
DA:14,1
DA:15,1
DA:16,1
DA:17,1
DA:18,1
DA:19,4
DA:20,4
DA:21,4
DA:22,4
DA:23,1
DA:24,1
DA:25,1
DA:26,1
DA:27,1
DA:28,1
DA:29,1
DA:30,1
DA:31,1
DA:32,5
DA:33,5
DA:34,1
DA:35,1
DA:36,1
DA:37,1
DA:38,1
DA:39,1
DA:40,1
DA:41,1
DA:42,1
DA:43,0
DA:44,0
DA:45,0
DA:46,0
DA:47,0
DA:48,1
LF:48
LH:43
BRDA:18,0,0,4
BRDA:31,1,0,5
BRF:2
BRH:2
end_of_record
